<?xml version="1.0" encoding="UTF-8"?>
<robot generator="Robot 7.3.2 (Python 3.13.7 on win32)" generated="2025-09-12T15:14:08.112198" rpa="false" schemaversion="5">
<suite id="s1" name="Auto Accept Auto Ship Out" source="D:\Ahmed_Ali\Origin_Robot\Tests\Auto_Accept_Auto_Ship_Out.robot">
<test id="s1-t1" name="Auto Accept And Auto Ship Out" line="14">
<kw name="Login Page" owner="Login_Page">
<kw name="Open Browser to Login Page" owner="Login_Page">
<kw name="Set Variable If" owner="BuiltIn">
<msg time="2025-09-12T15:14:08.484651" level="INFO">${URL} = None</msg>
<var>${URL}</var>
<arg>'${ENV}' == 'test'</arg>
<arg>https://wes.test.originsysglobal.com/</arg>
<arg>'${ENV}' == 'stage'</arg>
<arg>https://atp.aws.originsysglobal.com/</arg>
<doc>Sets variable based on the given condition.</doc>
<status status="PASS" start="2025-09-12T15:14:08.484339" elapsed="0.001503"/>
</kw>
<kw name="Open Browser" owner="SeleniumLibrary">
<msg time="2025-09-12T15:14:08.486262" level="INFO">Opening browser 'chrome' to base url 'None'.</msg>
<arg>${URL}</arg>
<arg>${Browser}</arg>
<doc>Opens a new browser instance to the optional ``url``.</doc>
<status status="PASS" start="2025-09-12T15:14:08.486031" elapsed="1.114704"/>
</kw>
<kw name="Title Should Be" owner="SeleniumLibrary">
<msg time="2025-09-12T15:14:09.706166" level="INFO" html="true">&lt;/td&gt;&lt;/tr&gt;&lt;tr&gt;&lt;td colspan="3"&gt;&lt;a href="selenium-screenshot-13.png"&gt;&lt;img src="selenium-screenshot-13.png" width="800px"&gt;&lt;/a&gt;</msg>
<msg time="2025-09-12T15:14:09.706438" level="FAIL">Title should have been 'ORIDX TT' but was ''.</msg>
<arg>ORIDX TT</arg>
<doc>Verifies that the current page title equals ``title``.</doc>
<status status="FAIL" start="2025-09-12T15:14:09.600933" elapsed="0.107678">Title should have been 'ORIDX TT' but was ''.</status>
</kw>
<arg>${ENV}</arg>
<status status="FAIL" start="2025-09-12T15:14:08.483510" elapsed="1.225328">Title should have been 'ORIDX TT' but was ''.</status>
</kw>
<kw name="Maximize Browser Window" owner="SeleniumLibrary">
<doc>Maximizes current browser window.</doc>
<status status="NOT RUN" start="2025-09-12T15:14:09.709007" elapsed="0.000092"/>
</kw>
<kw name="Sleep" owner="BuiltIn">
<arg>3s</arg>
<doc>Pauses the test executed for the given time.</doc>
<status status="NOT RUN" start="2025-09-12T15:14:09.709277" elapsed="0.000081"/>
</kw>
<kw name="Type In Username" owner="Login_Page">
<arg>${username}</arg>
<status status="NOT RUN" start="2025-09-12T15:14:09.709523" elapsed="0.000077"/>
</kw>
<kw name="Type In Password" owner="Login_Page">
<arg>${password}</arg>
<status status="NOT RUN" start="2025-09-12T15:14:09.709710" elapsed="0.000063"/>
</kw>
<kw name="Submit credentials" owner="Login_Page">
<status status="NOT RUN" start="2025-09-12T15:14:09.709879" elapsed="0.000050"/>
</kw>
<kw name="Welcome Page Should be Open" owner="Login_Page">
<status status="NOT RUN" start="2025-09-12T15:14:09.710018" elapsed="0.000049"/>
</kw>
<arg>${ENV}</arg>
<arg>${UserName}</arg>
<arg>${Password}</arg>
<status status="FAIL" start="2025-09-12T15:14:08.483018" elapsed="1.227151">Title should have been 'ORIDX TT' but was ''.</status>
</kw>
<kw name="Sleep" owner="BuiltIn">
<arg>4s</arg>
<doc>Pauses the test executed for the given time.</doc>
<status status="NOT RUN" start="2025-09-12T15:14:09.710279" elapsed="0.000053"/>
</kw>
<kw name="Add Shipment File" owner="Add_Shipment_File">
<var>${Name}</var>
<arg>${ENV}</arg>
<arg>${UserName}</arg>
<arg>${Password}</arg>
<status status="NOT RUN" start="2025-09-12T15:14:09.710472" elapsed="0.000068"/>
</kw>
<kw name="Auto Accept" owner="Auto_Accept">
<arg>${Name}</arg>
<status status="NOT RUN" start="2025-09-12T15:14:09.710642" elapsed="0.000060"/>
</kw>
<kw name="Auto Ship Out" owner="Auto_Ship_Out">
<arg>${Name}</arg>
<status status="NOT RUN" start="2025-09-12T15:14:09.710792" elapsed="0.000049"/>
</kw>
<kw name="Sleep" owner="BuiltIn">
<arg>3s</arg>
<doc>Pauses the test executed for the given time.</doc>
<status status="NOT RUN" start="2025-09-12T15:14:09.710917" elapsed="0.000051"/>
</kw>
<kw name="Close Browser" owner="SeleniumLibrary" type="TEARDOWN">
<doc>Closes the current browser.</doc>
<status status="PASS" start="2025-09-12T15:14:09.711144" elapsed="2.109828"/>
</kw>
<status status="FAIL" start="2025-09-12T15:14:08.482209" elapsed="3.339147">Title should have been 'ORIDX TT' but was ''.</status>
</test>
<status status="FAIL" start="2025-09-12T15:14:08.123290" elapsed="3.699860"/>
</suite>
<statistics>
<total>
<stat pass="0" fail="1" skip="0">All Tests</stat>
</total>
<tag>
</tag>
<suite>
<stat name="Auto Accept Auto Ship Out" id="s1" pass="0" fail="1" skip="0">Auto Accept Auto Ship Out</stat>
</suite>
</statistics>
<errors>
</errors>
</robot>
